{"F:\\Proyectos\\Cenfotec\\MOV-03-MICITT\\EjemploRedux\\src\\components\\molecules\\UserListItem\\index.tsx": {"path":"F:\\Proyectos\\Cenfotec\\MOV-03-MICITT\\EjemploRedux\\src\\components\\molecules\\UserListItem\\index.tsx","statementMap":{"0":{"start":{"line":14,"column":44},"end":{"line":29,"column":1}},"1":{"start":{"line":16,"column":28},"end":{"line":16,"column":38}},"2":{"start":{"line":17,"column":18},"end":{"line":20,"column":3}},"3":{"start":{"line":19,"column":4},"end":{"line":19,"column":27}},"4":{"start":{"line":22,"column":2},"end":{"line":28,"column":4}},"5":{"start":{"line":31,"column":22},"end":{"line":36,"column":1}}},"fnMap":{"0":{"name":"(anonymous_0)","decl":{"start":{"line":14,"column":44},"end":{"line":14,"column":45}},"loc":{"start":{"line":14,"column":63},"end":{"line":29,"column":1}},"line":14},"1":{"name":"(anonymous_1)","decl":{"start":{"line":17,"column":18},"end":{"line":17,"column":19}},"loc":{"start":{"line":17,"column":24},"end":{"line":20,"column":3}},"line":17}},"branchMap":{},"s":{"0":1,"1":0,"2":0,"3":0,"4":0,"5":1},"f":{"0":0,"1":0},"b":{},"_coverageSchema":"1a1c01bbd47fc00a2c39e90264f33305004495a9","hash":"e26983c30d32be73b130d03af5842635540b9609"}
,"F:\\Proyectos\\Cenfotec\\MOV-03-MICITT\\EjemploRedux\\src\\components\\organisms\\UserList\\index.tsx": {"path":"F:\\Proyectos\\Cenfotec\\MOV-03-MICITT\\EjemploRedux\\src\\components\\organisms\\UserList\\index.tsx","statementMap":{"0":{"start":{"line":10,"column":27},"end":{"line":36,"column":1}},"1":{"start":{"line":11,"column":16},"end":{"line":11,"column":65}},"2":{"start":{"line":11,"column":47},"end":{"line":11,"column":64}},"3":{"start":{"line":12,"column":19},"end":{"line":12,"column":32}},"4":{"start":{"line":16,"column":2},"end":{"line":19,"column":9}},"5":{"start":{"line":17,"column":4},"end":{"line":17,"column":27}},"6":{"start":{"line":21,"column":2},"end":{"line":35,"column":4}},"7":{"start":{"line":28,"column":12},"end":{"line":28,"column":68}}},"fnMap":{"0":{"name":"(anonymous_0)","decl":{"start":{"line":10,"column":27},"end":{"line":10,"column":28}},"loc":{"start":{"line":10,"column":33},"end":{"line":36,"column":1}},"line":10},"1":{"name":"(anonymous_1)","decl":{"start":{"line":11,"column":28},"end":{"line":11,"column":29}},"loc":{"start":{"line":11,"column":47},"end":{"line":11,"column":64}},"line":11},"2":{"name":"(anonymous_2)","decl":{"start":{"line":16,"column":12},"end":{"line":16,"column":13}},"loc":{"start":{"line":16,"column":18},"end":{"line":19,"column":3}},"line":16},"3":{"name":"(anonymous_3)","decl":{"start":{"line":27,"column":22},"end":{"line":27,"column":23}},"loc":{"start":{"line":28,"column":12},"end":{"line":28,"column":68}},"line":28}},"branchMap":{"0":{"loc":{"start":{"line":23,"column":7},"end":{"line":33,"column":7}},"type":"cond-expr","locations":[{"start":{"line":24,"column":8},"end":{"line":30,"column":10}},{"start":{"line":32,"column":8},"end":{"line":32,"column":42}}],"line":23}},"s":{"0":1,"1":3,"2":9,"3":3,"4":3,"5":3,"6":3,"7":0},"f":{"0":3,"1":9,"2":3,"3":0},"b":{"0":[0,3]},"_coverageSchema":"1a1c01bbd47fc00a2c39e90264f33305004495a9","hash":"4755ccf07c27866927a68dcb3cabbf23f12b6ccc"}
,"F:\\Proyectos\\Cenfotec\\MOV-03-MICITT\\EjemploRedux\\src\\contexts\\users-context.tsx": {"path":"F:\\Proyectos\\Cenfotec\\MOV-03-MICITT\\EjemploRedux\\src\\contexts\\users-context.tsx","statementMap":{"0":{"start":{"line":13,"column":21},"end":{"line":19,"column":2}},"1":{"start":{"line":18,"column":20},"end":{"line":18,"column":37}},"2":{"start":{"line":21,"column":39},"end":{"line":41,"column":1}},"3":{"start":{"line":22,"column":28},"end":{"line":22,"column":49}},"4":{"start":{"line":23,"column":42},"end":{"line":23,"column":71}},"5":{"start":{"line":25,"column":21},"end":{"line":34,"column":3}},"6":{"start":{"line":26,"column":4},"end":{"line":33,"column":5}},"7":{"start":{"line":27,"column":23},"end":{"line":29,"column":7}},"8":{"start":{"line":30,"column":6},"end":{"line":30,"column":30}},"9":{"start":{"line":32,"column":6},"end":{"line":32,"column":27}},"10":{"start":{"line":36,"column":14},"end":{"line":38,"column":66}},"11":{"start":{"line":37,"column":4},"end":{"line":37,"column":72}},"12":{"start":{"line":40,"column":2},"end":{"line":40,"column":79}},"13":{"start":{"line":43,"column":24},"end":{"line":43,"column":54}},"14":{"start":{"line":43,"column":30},"end":{"line":43,"column":54}}},"fnMap":{"0":{"name":"(anonymous_0)","decl":{"start":{"line":15,"column":12},"end":{"line":15,"column":13}},"loc":{"start":{"line":15,"column":18},"end":{"line":15,"column":20}},"line":15},"1":{"name":"(anonymous_1)","decl":{"start":{"line":17,"column":19},"end":{"line":17,"column":20}},"loc":{"start":{"line":17,"column":25},"end":{"line":17,"column":27}},"line":17},"2":{"name":"(anonymous_2)","decl":{"start":{"line":18,"column":14},"end":{"line":18,"column":15}},"loc":{"start":{"line":18,"column":20},"end":{"line":18,"column":37}},"line":18},"3":{"name":"(anonymous_3)","decl":{"start":{"line":21,"column":39},"end":{"line":21,"column":40}},"loc":{"start":{"line":21,"column":55},"end":{"line":41,"column":1}},"line":21},"4":{"name":"(anonymous_4)","decl":{"start":{"line":25,"column":21},"end":{"line":25,"column":22}},"loc":{"start":{"line":25,"column":33},"end":{"line":34,"column":3}},"line":25},"5":{"name":"(anonymous_5)","decl":{"start":{"line":36,"column":22},"end":{"line":36,"column":23}},"loc":{"start":{"line":36,"column":28},"end":{"line":38,"column":3}},"line":36},"6":{"name":"(anonymous_6)","decl":{"start":{"line":43,"column":24},"end":{"line":43,"column":25}},"loc":{"start":{"line":43,"column":30},"end":{"line":43,"column":54}},"line":43}},"branchMap":{},"s":{"0":1,"1":0,"2":1,"3":0,"4":0,"5":0,"6":0,"7":0,"8":0,"9":0,"10":0,"11":0,"12":0,"13":1,"14":0},"f":{"0":0,"1":0,"2":0,"3":0,"4":0,"5":0,"6":0},"b":{},"_coverageSchema":"1a1c01bbd47fc00a2c39e90264f33305004495a9","hash":"32eb83897be843486fd60165090181b8ca3cefcd"}
,"F:\\Proyectos\\Cenfotec\\MOV-03-MICITT\\EjemploRedux\\src\\store\\actions\\index.ts": {"path":"F:\\Proyectos\\Cenfotec\\MOV-03-MICITT\\EjemploRedux\\src\\store\\actions\\index.ts","statementMap":{"0":{"start":{"line":2,"column":33},"end":{"line":2,"column":52}},"1":{"start":{"line":5,"column":32},"end":{"line":5,"column":50}},"2":{"start":{"line":6,"column":40},"end":{"line":6,"column":66}},"3":{"start":{"line":9,"column":32},"end":{"line":9,"column":50}},"4":{"start":{"line":12,"column":40},"end":{"line":12,"column":66}},"5":{"start":{"line":13,"column":38},"end":{"line":13,"column":62}}},"fnMap":{},"branchMap":{},"s":{"0":4,"1":4,"2":4,"3":4,"4":4,"5":4},"f":{},"b":{},"_coverageSchema":"1a1c01bbd47fc00a2c39e90264f33305004495a9","hash":"4f1a9b9c1fe2da99b7539b93e2ddcf2578d85e82"}
,"F:\\Proyectos\\Cenfotec\\MOV-03-MICITT\\EjemploRedux\\src\\store\\actions\\Prueba\\index.ts": {"path":"F:\\Proyectos\\Cenfotec\\MOV-03-MICITT\\EjemploRedux\\src\\store\\actions\\Prueba\\index.ts","statementMap":{"0":{"start":{"line":3,"column":32},"end":{"line":6,"column":2}},"1":{"start":{"line":3,"column":54},"end":{"line":6,"column":1}}},"fnMap":{"0":{"name":"(anonymous_0)","decl":{"start":{"line":3,"column":32},"end":{"line":3,"column":33}},"loc":{"start":{"line":3,"column":54},"end":{"line":6,"column":1}},"line":3}},"branchMap":{},"s":{"0":1,"1":1},"f":{"0":1},"b":{},"_coverageSchema":"1a1c01bbd47fc00a2c39e90264f33305004495a9","hash":"8d968064c554d8730ad39775cf8b627bbd93590b"}
,"F:\\Proyectos\\Cenfotec\\MOV-03-MICITT\\EjemploRedux\\src\\store\\actions\\Publicaciones\\index.ts": {"path":"F:\\Proyectos\\Cenfotec\\MOV-03-MICITT\\EjemploRedux\\src\\store\\actions\\Publicaciones\\index.ts","statementMap":{"0":{"start":{"line":8,"column":39},"end":{"line":11,"column":2}},"1":{"start":{"line":8,"column":78},"end":{"line":11,"column":1}},"2":{"start":{"line":14,"column":2},"end":{"line":24,"column":4}},"3":{"start":{"line":15,"column":4},"end":{"line":23,"column":5}},"4":{"start":{"line":16,"column":28},"end":{"line":18,"column":7}},"5":{"start":{"line":20,"column":6},"end":{"line":20,"column":60}},"6":{"start":{"line":22,"column":6},"end":{"line":22,"column":27}},"7":{"start":{"line":28,"column":2},"end":{"line":38,"column":4}},"8":{"start":{"line":29,"column":4},"end":{"line":37,"column":5}},"9":{"start":{"line":30,"column":28},"end":{"line":32,"column":7}},"10":{"start":{"line":34,"column":6},"end":{"line":34,"column":60}},"11":{"start":{"line":36,"column":6},"end":{"line":36,"column":27}}},"fnMap":{"0":{"name":"(anonymous_0)","decl":{"start":{"line":8,"column":39},"end":{"line":8,"column":40}},"loc":{"start":{"line":8,"column":78},"end":{"line":11,"column":1}},"line":8},"1":{"name":"fetchPublicaciones","decl":{"start":{"line":13,"column":16},"end":{"line":13,"column":34}},"loc":{"start":{"line":13,"column":37},"end":{"line":25,"column":1}},"line":13},"2":{"name":"(anonymous_2)","decl":{"start":{"line":14,"column":9},"end":{"line":14,"column":10}},"loc":{"start":{"line":14,"column":73},"end":{"line":24,"column":3}},"line":14},"3":{"name":"fetchPublicacion","decl":{"start":{"line":27,"column":16},"end":{"line":27,"column":32}},"loc":{"start":{"line":27,"column":56},"end":{"line":39,"column":1}},"line":27},"4":{"name":"(anonymous_4)","decl":{"start":{"line":28,"column":9},"end":{"line":28,"column":10}},"loc":{"start":{"line":28,"column":73},"end":{"line":38,"column":3}},"line":28}},"branchMap":{},"s":{"0":2,"1":2,"2":0,"3":0,"4":0,"5":0,"6":0,"7":0,"8":0,"9":0,"10":0,"11":0},"f":{"0":2,"1":0,"2":0,"3":0,"4":0},"b":{},"_coverageSchema":"1a1c01bbd47fc00a2c39e90264f33305004495a9","hash":"06e62db50dcee7606a6b3c808f1afdacf67966ec"}
,"F:\\Proyectos\\Cenfotec\\MOV-03-MICITT\\EjemploRedux\\src\\store\\actions\\Users\\index.ts": {"path":"F:\\Proyectos\\Cenfotec\\MOV-03-MICITT\\EjemploRedux\\src\\store\\actions\\Users\\index.ts","statementMap":{"0":{"start":{"line":8,"column":31},"end":{"line":11,"column":2}},"1":{"start":{"line":8,"column":54},"end":{"line":11,"column":1}},"2":{"start":{"line":13,"column":38},"end":{"line":16,"column":2}},"3":{"start":{"line":13,"column":67},"end":{"line":16,"column":1}},"4":{"start":{"line":19,"column":2},"end":{"line":28,"column":3}},"5":{"start":{"line":19,"column":8},"end":{"line":28,"column":3}},"6":{"start":{"line":20,"column":4},"end":{"line":27,"column":5}},"7":{"start":{"line":21,"column":26},"end":{"line":23,"column":7}},"8":{"start":{"line":24,"column":6},"end":{"line":24,"column":50}},"9":{"start":{"line":26,"column":6},"end":{"line":26,"column":27}},"10":{"start":{"line":31,"column":2},"end":{"line":33,"column":4}}},"fnMap":{"0":{"name":"(anonymous_0)","decl":{"start":{"line":8,"column":31},"end":{"line":8,"column":32}},"loc":{"start":{"line":8,"column":54},"end":{"line":11,"column":1}},"line":8},"1":{"name":"(anonymous_1)","decl":{"start":{"line":13,"column":38},"end":{"line":13,"column":39}},"loc":{"start":{"line":13,"column":67},"end":{"line":16,"column":1}},"line":13},"2":{"name":"(anonymous_2)","decl":{"start":{"line":19,"column":2},"end":{"line":19,"column":3}},"loc":{"start":{"line":19,"column":8},"end":{"line":28,"column":3}},"line":19},"3":{"name":"(anonymous_3)","decl":{"start":{"line":19,"column":8},"end":{"line":19,"column":9}},"loc":{"start":{"line":19,"column":66},"end":{"line":28,"column":3}},"line":19},"4":{"name":"prueba","decl":{"start":{"line":30,"column":16},"end":{"line":30,"column":22}},"loc":{"start":{"line":30,"column":25},"end":{"line":34,"column":1}},"line":30},"5":{"name":"(anonymous_5)","decl":{"start":{"line":31,"column":9},"end":{"line":31,"column":10}},"loc":{"start":{"line":31,"column":73},"end":{"line":33,"column":3}},"line":31}},"branchMap":{},"s":{"0":1,"1":3,"2":1,"3":0,"4":1,"5":3,"6":3,"7":3,"8":3,"9":0,"10":0},"f":{"0":3,"1":0,"2":3,"3":3,"4":0,"5":0},"b":{},"_coverageSchema":"1a1c01bbd47fc00a2c39e90264f33305004495a9","hash":"4302e78aeb93e3d75b7bec8eb6b7b548cb247f5f"}
,"F:\\Proyectos\\Cenfotec\\MOV-03-MICITT\\EjemploRedux\\src\\store\\reducers\\Publicaciones\\index.ts": {"path":"F:\\Proyectos\\Cenfotec\\MOV-03-MICITT\\EjemploRedux\\src\\store\\reducers\\Publicaciones\\index.ts","statementMap":{"0":{"start":{"line":10,"column":42},"end":{"line":12,"column":1}},"1":{"start":{"line":18,"column":2},"end":{"line":25,"column":3}},"2":{"start":{"line":20,"column":6},"end":{"line":20,"column":66}},"3":{"start":{"line":22,"column":6},"end":{"line":22,"column":62}},"4":{"start":{"line":24,"column":6},"end":{"line":24,"column":19}}},"fnMap":{"0":{"name":"(anonymous_0)","decl":{"start":{"line":14,"column":15},"end":{"line":14,"column":16}},"loc":{"start":{"line":17,"column":26},"end":{"line":26,"column":1}},"line":17}},"branchMap":{"0":{"loc":{"start":{"line":15,"column":2},"end":{"line":15,"column":22}},"type":"default-arg","locations":[{"start":{"line":15,"column":10},"end":{"line":15,"column":22}}],"line":15},"1":{"loc":{"start":{"line":16,"column":2},"end":{"line":16,"column":39}},"type":"default-arg","locations":[{"start":{"line":16,"column":29},"end":{"line":16,"column":39}}],"line":16},"2":{"loc":{"start":{"line":18,"column":2},"end":{"line":25,"column":3}},"type":"switch","locations":[{"start":{"line":19,"column":4},"end":{"line":20,"column":66}},{"start":{"line":21,"column":4},"end":{"line":22,"column":62}},{"start":{"line":23,"column":4},"end":{"line":24,"column":19}}],"line":18}},"s":{"0":1,"1":3,"2":1,"3":1,"4":1},"f":{"0":3},"b":{"0":[1],"1":[1],"2":[1,1,1]},"_coverageSchema":"1a1c01bbd47fc00a2c39e90264f33305004495a9","hash":"3b7e39508841f4c5a1853a225af26df3c23ac22b"}
}
