TN:
SF:src\components\molecules\UserListItem\index.tsx
FN:14,(anonymous_0)
FN:17,(anonymous_1)
FNF:2
FNH:0
FNDA:0,(anonymous_0)
FNDA:0,(anonymous_1)
DA:14,1
DA:16,0
DA:17,0
DA:19,0
DA:22,0
DA:31,1
LF:6
LH:2
BRF:0
BRH:0
end_of_record
TN:
SF:src\components\organisms\UserList\index.tsx
FN:10,(anonymous_0)
FN:11,(anonymous_1)
FN:16,(anonymous_2)
FN:27,(anonymous_3)
FNF:4
FNH:3
FNDA:3,(anonymous_0)
FNDA:9,(anonymous_1)
FNDA:3,(anonymous_2)
FNDA:0,(anonymous_3)
DA:10,1
DA:11,9
DA:12,3
DA:16,3
DA:17,3
DA:21,3
DA:28,0
LF:7
LH:6
BRDA:23,0,0,0
BRDA:23,0,1,3
BRF:2
BRH:1
end_of_record
TN:
SF:src\contexts\users-context.tsx
FN:15,(anonymous_0)
FN:17,(anonymous_1)
FN:18,(anonymous_2)
FN:21,(anonymous_3)
FN:25,(anonymous_4)
FN:36,(anonymous_5)
FN:43,(anonymous_6)
FNF:7
FNH:0
FNDA:0,(anonymous_0)
FNDA:0,(anonymous_1)
FNDA:0,(anonymous_2)
FNDA:0,(anonymous_3)
FNDA:0,(anonymous_4)
FNDA:0,(anonymous_5)
FNDA:0,(anonymous_6)
DA:13,1
DA:18,0
DA:21,1
DA:22,0
DA:23,0
DA:25,0
DA:26,0
DA:27,0
DA:30,0
DA:32,0
DA:36,0
DA:37,0
DA:40,0
DA:43,1
LF:14
LH:3
BRF:0
BRH:0
end_of_record
TN:
SF:src\store\actions\index.ts
FNF:0
FNH:0
DA:2,4
DA:5,4
DA:6,4
DA:9,4
DA:12,4
DA:13,4
LF:6
LH:6
BRF:0
BRH:0
end_of_record
TN:
SF:src\store\actions\Prueba\index.ts
FN:3,(anonymous_0)
FNF:1
FNH:1
FNDA:1,(anonymous_0)
DA:3,1
LF:1
LH:1
BRF:0
BRH:0
end_of_record
TN:
SF:src\store\actions\Publicaciones\index.ts
FN:8,(anonymous_0)
FN:13,fetchPublicaciones
FN:14,(anonymous_2)
FN:27,fetchPublicacion
FN:28,(anonymous_4)
FNF:5
FNH:1
FNDA:2,(anonymous_0)
FNDA:0,fetchPublicaciones
FNDA:0,(anonymous_2)
FNDA:0,fetchPublicacion
FNDA:0,(anonymous_4)
DA:8,2
DA:14,0
DA:15,0
DA:16,0
DA:20,0
DA:22,0
DA:28,0
DA:29,0
DA:30,0
DA:34,0
DA:36,0
LF:11
LH:1
BRF:0
BRH:0
end_of_record
TN:
SF:src\store\actions\Users\index.ts
FN:8,(anonymous_0)
FN:13,(anonymous_1)
FN:19,(anonymous_2)
FN:19,(anonymous_3)
FN:30,prueba
FN:31,(anonymous_5)
FNF:6
FNH:3
FNDA:3,(anonymous_0)
FNDA:0,(anonymous_1)
FNDA:3,(anonymous_2)
FNDA:3,(anonymous_3)
FNDA:0,prueba
FNDA:0,(anonymous_5)
DA:8,3
DA:13,1
DA:19,3
DA:20,3
DA:21,3
DA:24,3
DA:26,0
DA:31,0
LF:8
LH:6
BRF:0
BRH:0
end_of_record
TN:
SF:src\store\reducers\Publicaciones\index.ts
FN:14,(anonymous_0)
FNF:1
FNH:1
FNDA:3,(anonymous_0)
DA:10,1
DA:18,3
DA:20,1
DA:22,1
DA:24,1
LF:5
LH:5
BRDA:15,0,0,1
BRDA:16,1,0,1
BRDA:18,2,0,1
BRDA:18,2,1,1
BRDA:18,2,2,1
BRF:5
BRH:5
end_of_record
